{"contracts/MyToken.sol":{"l":{"15":114,"16":112,"18":111,"19":111,"20":111,"22":111,"26":1,"30":1},"path":"/Users/xico/Projects/learning/learning-nft/contracts/MyToken.sol","s":{"1":114,"2":112,"3":111,"4":111,"5":111,"6":111,"7":1,"8":1},"b":{"1":[112,2],"2":[111,1]},"f":{"1":27,"2":114,"3":1,"4":1},"fnMap":{"1":{"name":"constructor","line":12,"loc":{"start":{"line":12,"column":4},"end":{"line":12,"column":44}}},"2":{"name":"mint","line":14,"loc":{"start":{"line":14,"column":4},"end":{"line":23,"column":4}}},"3":{"name":"_baseURI","line":25,"loc":{"start":{"line":25,"column":4},"end":{"line":27,"column":4}}},"4":{"name":"withdrawFunds","line":29,"loc":{"start":{"line":29,"column":4},"end":{"line":31,"column":4}}}},"statementMap":{"1":{"start":{"line":15,"column":8},"end":{"line":15,"column":68}},"2":{"start":{"line":16,"column":8},"end":{"line":16,"column":62}},"3":{"start":{"line":18,"column":8},"end":{"line":18,"column":28}},"4":{"start":{"line":19,"column":8},"end":{"line":19,"column":47}},"5":{"start":{"line":20,"column":8},"end":{"line":20,"column":27}},"6":{"start":{"line":22,"column":8},"end":{"line":22,"column":24}},"7":{"start":{"line":26,"column":8},"end":{"line":26,"column":39}},"8":{"start":{"line":30,"column":8},"end":{"line":30,"column":58}}},"branchMap":{"1":{"line":15,"type":"if","locations":[{"start":{"line":15,"column":8},"end":{"line":15,"column":8}},{"start":{"line":15,"column":8},"end":{"line":15,"column":8}}]},"2":{"line":16,"type":"if","locations":[{"start":{"line":16,"column":8},"end":{"line":16,"column":8}},{"start":{"line":16,"column":8},"end":{"line":16,"column":8}}]}}}}